#
# A fatal error has been detected by the Java Runtime Environment:
#
#  EXCEPTION_ACCESS_VIOLATION (0xc0000005) at pc=0x000000006dba6061, pid=5240, tid=6384
#
# JRE version: 6.0_22-b04
# Java VM: Java HotSpot(TM) 64-Bit Server VM (17.1-b03 mixed mode windows-amd64 )
# Problematic frame:
# V  [jvm.dll+0x316061]
#
# If you would like to submit a bug report, please visit:
#   http://java.sun.com/webapps/bugreport/crash.jsp
#

---------------  T H R E A D  ---------------

Current thread (0x000000004ba71000):  JavaThread "JDWP Transport Listener: dt_socket" daemon [_thread_in_vm, id=6384, stack(0x000000004c380000,0x000000004c480000)]

siginfo: ExceptionCode=0xc0000005, reading address 0x0000000000000000

Registers:
EAX=0x000000000a9ff360, EBX=0x0000000000000000, ECX=0x000000006ddecb10, EDX=0x00000000056a9518
ESP=0x000000004c47f3a0, EBP=0x0000000000000000, ESI=0x000000004ba3e200, EDI=0x000000004ba3e248
EIP=0x000000006dba6061, EFLAGS=0x0000000000010246

Top of Stack: (sp=0x000000004c47f3a0)
0x000000004c47f3a0:   000000004ba3e218 0000000000000000
0x000000004c47f3b0:   000000004ba3e200 000000004ba3e248
0x000000004c47f3c0:   000000004ba71000 000000004c47f960
0x000000004c47f3d0:   00000000000000a1 000000004c47f748
0x000000004c47f3e0:   000000004ba71000 000000006dba3257
0x000000004c47f3f0:   000000004ba3e220 000000004c47f730
0x000000004c47f400:   000000004ba71000 000000004c47f960
0x000000004c47f410:   000000004ba71000 000000006d9c6f45
0x000000004c47f420:   000000004ba3db70 00000000000000a1
0x000000004c47f430:   000000000a9fe1c8 0000000000000141
0x000000004c47f440:   000000004ba71000 000000006d9c67db
0x000000004c47f450:   000000004ba71000 000000004ba71000
0x000000004c47f460:   000000000a9fe1c8 00000000000000a3
0x000000004c47f470:   000000004ba3e248 000000000000000c
0x000000004c47f480:   000000004ba3e220 000000006dba05e3
0x000000004c47f490:   000000004c47f960 0000000000000032 

Instructions: (pc=0x000000006dba6061)
0x000000006dba6051:   ff 48 8b d8 eb 04 48 89 48 10 48 89 2b 48 8b 07
0x000000006dba6061:   48 8b 0b 45 8d 44 24 ff 8b 40 34 4c 8b cb ba 01 


Stack: [0x000000004c380000,0x000000004c480000],  sp=0x000000004c47f3a0,  free space=3fc0000000000000000k
Native frames: (J=compiled Java code, j=interpreted, Vv=VM code, C=native code)
V  [jvm.dll+0x316061]

[error occurred during error reporting (printing native stack), id 0xc0000005]


---------------  P R O C E S S  ---------------

Java Threads: ( => current thread )
  0x000000004ddbe000 JavaThread "com.google.inject.internal.util.$Finalizer" daemon [_thread_blocked, id=7072, stack(0x0000000050d20000,0x0000000050e20000)]
  0x000000004ddbd000 JavaThread "Timer-19" daemon [_thread_blocked, id=6028, stack(0x000000004da80000,0x000000004db80000)]
  0x000000004ddbd800 JavaThread "com.google.inject.internal.util.$Finalizer" daemon [_thread_blocked, id=6844, stack(0x0000000050c20000,0x0000000050d20000)]
  0x000000004ddbc000 JavaThread "com.google.inject.internal.util.$Finalizer" daemon [_thread_blocked, id=6304, stack(0x0000000050b20000,0x0000000050c20000)]
  0x000000004ddbb800 JavaThread "com.google.inject.internal.util.$Finalizer" daemon [_thread_blocked, id=2232, stack(0x0000000050a20000,0x0000000050b20000)]
  0x000000004ddba800 JavaThread "com.google.inject.internal.util.$Finalizer" daemon [_thread_blocked, id=6496, stack(0x0000000050920000,0x0000000050a20000)]
  0x000000004ba3c000 JavaThread "com.google.inject.internal.util.$Finalizer" daemon [_thread_blocked, id=5048, stack(0x0000000050820000,0x0000000050920000)]
  0x000000004ba3b800 JavaThread "com.google.inject.internal.util.$Finalizer" daemon [_thread_blocked, id=3264, stack(0x0000000050720000,0x0000000050820000)]
  0x000000004ba3a800 JavaThread "com.google.inject.internal.util.$Finalizer" daemon [_thread_blocked, id=5036, stack(0x0000000050620000,0x0000000050720000)]
  0x000000004ba3a000 JavaThread "com.google.inject.internal.util.$Finalizer" daemon [_thread_blocked, id=1988, stack(0x0000000050520000,0x0000000050620000)]
  0x000000004ba39800 JavaThread "com.google.inject.internal.util.$Finalizer" daemon [_thread_blocked, id=4748, stack(0x0000000050420000,0x0000000050520000)]
  0x000000004ba38800 JavaThread "com.google.inject.internal.util.$Finalizer" daemon [_thread_blocked, id=3896, stack(0x0000000050320000,0x0000000050420000)]
  0x000000004ba38000 JavaThread "com.google.inject.internal.util.$Finalizer" daemon [_thread_blocked, id=6660, stack(0x0000000050220000,0x0000000050320000)]
  0x000000004ba37000 JavaThread "com.google.inject.internal.util.$Finalizer" daemon [_thread_blocked, id=6396, stack(0x0000000050120000,0x0000000050220000)]
  0x000000004ba36800 JavaThread "com.google.inject.internal.util.$Finalizer" daemon [_thread_blocked, id=5676, stack(0x000000004ee50000,0x000000004ef50000)]
  0x000000004ba35800 JavaThread "com.google.inject.internal.util.$Finalizer" daemon [_thread_blocked, id=3136, stack(0x000000004ed50000,0x000000004ee50000)]
  0x000000004ba35000 JavaThread "com.google.inject.internal.util.$Finalizer" daemon [_thread_blocked, id=4180, stack(0x000000004ec50000,0x000000004ed50000)]
  0x000000004ba34000 JavaThread "com.google.inject.internal.util.$Finalizer" daemon [_thread_blocked, id=6716, stack(0x000000004f050000,0x000000004f150000)]
  0x000000004ba33800 JavaThread "com.google.inject.internal.util.$Finalizer" daemon [_thread_blocked, id=2988, stack(0x000000004ef50000,0x000000004f050000)]
  0x000000004ba33000 JavaThread "com.google.inject.internal.util.$Finalizer" daemon [_thread_blocked, id=584, stack(0x000000004eb50000,0x000000004ec50000)]
  0x000000004ba31800 JavaThread "532404146@qtp-1411507540-1 - Acceptor0 SelectChannelConnector@0.0.0.0:8080" [_thread_in_native, id=2900, stack(0x000000004d180000,0x000000004d280000)]
  0x000000004ba30800 JavaThread "1892703251@qtp-1411507540-0" [_thread_blocked, id=6624, stack(0x000000004d080000,0x000000004d180000)]
  0x000000004ba30000 JavaThread "Timer-0" daemon [_thread_blocked, id=7112, stack(0x000000004cf80000,0x000000004d080000)]
  0x000000004ba2e800 JavaThread "Low Memory Detector" daemon [_thread_blocked, id=5304, stack(0x000000004c980000,0x000000004ca80000)]
  0x000000004ba90800 JavaThread "CompilerThread1" daemon [_thread_blocked, id=6632, stack(0x000000004c880000,0x000000004c980000)]
  0x000000004ba8e800 JavaThread "CompilerThread0" daemon [_thread_blocked, id=3500, stack(0x000000004c780000,0x000000004c880000)]
  0x000000004ba89800 JavaThread "JDWP Command Reader" daemon [_thread_in_native, id=2112, stack(0x000000004c680000,0x000000004c780000)]
  0x000000004ba75800 JavaThread "JDWP Event Helper Thread" daemon [_thread_blocked, id=6320, stack(0x000000004c580000,0x000000004c680000)]
=>0x000000004ba71000 JavaThread "JDWP Transport Listener: dt_socket" daemon [_thread_in_vm, id=6384, stack(0x000000004c380000,0x000000004c480000)]
  0x000000004ba2d800 JavaThread "Attach Listener" daemon [_thread_blocked, id=6572, stack(0x000000004bce0000,0x000000004bde0000)]
  0x000000004ba2d000 JavaThread "Signal Dispatcher" daemon [_thread_blocked, id=6200, stack(0x000000004bbe0000,0x000000004bce0000)]
  0x00000000003ca000 JavaThread "Finalizer" daemon [_thread_blocked, id=4352, stack(0x000000004b8e0000,0x000000004b9e0000)]
  0x00000000003c3000 JavaThread "Reference Handler" daemon [_thread_blocked, id=6552, stack(0x000000004b7e0000,0x000000004b8e0000)]
  0x000000000061d000 JavaThread "main" [_thread_blocked, id=6104, stack(0x0000000002440000,0x0000000002540000)]

Other Threads:
  0x00000000003be000 VMThread [stack: 0x000000004b6e0000,0x000000004b7e0000] [id=6220]
  0x000000004bab3000 WatcherThread [stack: 0x000000004ca80000,0x000000004cb80000] [id=3948]

VM state:not at safepoint (normal execution)

VM Mutex/Monitor currently owned by a thread: None

Heap
 PSYoungGen      total 13888K, used 0K [0x00000000354b0000, 0x00000000362f0000, 0x000000004aa00000)
  eden space 13312K, 0% used [0x00000000354b0000,0x00000000354b0000,0x00000000361b0000)
  from space 576K, 0% used [0x0000000036260000,0x0000000036260000,0x00000000362f0000)
  to   space 640K, 0% used [0x00000000361b0000,0x00000000361b0000,0x0000000036250000)
 PSOldGen        total 699008K, used 10448K [0x000000000aa00000, 0x00000000354a0000, 0x00000000354b0000)
  object space 699008K, 1% used [0x000000000aa00000,0x000000000b434378,0x00000000354a0000)
 PSPermGen       total 86016K, used 86015K [0x0000000005600000, 0x000000000aa00000, 0x000000000aa00000)
  object space 86016K, 99% used [0x0000000005600000,0x000000000a9fff08,0x000000000aa00000)

Dynamic libraries:
0x0000000000400000 - 0x000000000042e000 	C:\Program Files\Java\jdk1.6.0_22\bin\javaw.exe
0x0000000077550000 - 0x00000000776fb000 	C:\Windows\SYSTEM32\ntdll.dll
0x0000000077330000 - 0x000000007744f000 	C:\Windows\system32\kernel32.dll
0x000007fefcd80000 - 0x000007fefcdeb000 	C:\Windows\system32\KERNELBASE.dll
0x000007fefecf0000 - 0x000007fefedcb000 	C:\Windows\system32\ADVAPI32.dll
0x000007fefd510000 - 0x000007fefd5af000 	C:\Windows\system32\msvcrt.dll
0x000007fefd4f0000 - 0x000007fefd50f000 	C:\Windows\SYSTEM32\sechost.dll
0x000007fefd130000 - 0x000007fefd25e000 	C:\Windows\system32\RPCRT4.dll
0x0000000077450000 - 0x000000007754a000 	C:\Windows\system32\USER32.dll
0x000007fefe720000 - 0x000007fefe787000 	C:\Windows\system32\GDI32.dll
0x000007fefea70000 - 0x000007fefea7e000 	C:\Windows\system32\LPK.dll
0x000007fefd060000 - 0x000007fefd12a000 	C:\Windows\system32\USP10.dll
0x000007fefd030000 - 0x000007fefd05e000 	C:\Windows\system32\IMM32.DLL
0x000007fefd3e0000 - 0x000007fefd4e9000 	C:\Windows\system32\MSCTF.dll
0x000000006d890000 - 0x000000006df61000 	C:\Program Files\Java\jdk1.6.0_22\jre\bin\server\jvm.dll
0x000007fefa3d0000 - 0x000007fefa40b000 	C:\Windows\system32\WINMM.dll
0x000000006d800000 - 0x000000006d80e000 	C:\Program Files\Java\jdk1.6.0_22\jre\bin\verify.dll
0x000000006d450000 - 0x000000006d477000 	C:\Program Files\Java\jdk1.6.0_22\jre\bin\java.dll
0x000000006d3b0000 - 0x000000006d3ba000 	C:\Program Files\Java\jdk1.6.0_22\jre\bin\hpi.dll
0x0000000077710000 - 0x0000000077717000 	C:\Windows\system32\PSAPI.DLL
0x000000006d4c0000 - 0x000000006d4f4000 	C:\Program Files\Java\jdk1.6.0_22\jre\bin\jdwp.dll
0x000000006d6d0000 - 0x000000006d6d8000 	C:\Program Files\Java\jdk1.6.0_22\jre\bin\npt.dll
0x000000006d850000 - 0x000000006d862000 	C:\Program Files\Java\jdk1.6.0_22\jre\bin\zip.dll
0x000000006d310000 - 0x000000006d319000 	C:\Program Files\Java\jdk1.6.0_22\jre\bin\dt_socket.dll
0x000007fefeb70000 - 0x000007fefebbd000 	C:\Windows\system32\WS2_32.dll
0x000007fefd020000 - 0x000007fefd028000 	C:\Windows\system32\NSI.dll
0x000007fefa7e0000 - 0x000007fefa7f5000 	C:\Windows\system32\NLAapi.dll
0x000007fefc260000 - 0x000007fefc2b4000 	C:\Windows\System32\mswsock.dll
0x000007fefc0f0000 - 0x000007fefc14b000 	C:\Windows\system32\DNSAPI.dll
0x000007fef7f90000 - 0x000007fef7f9b000 	C:\Windows\System32\winrnr.dll
0x000007fef7f70000 - 0x000007fef7f85000 	C:\Windows\system32\napinsp.dll
0x000007fefaa30000 - 0x000007fefaa57000 	C:\Windows\system32\IPHLPAPI.DLL
0x000007fefa9e0000 - 0x000007fefa9eb000 	C:\Windows\system32\WINNSI.DLL
0x000007fefa1f0000 - 0x000007fefa243000 	C:\Windows\System32\fwpuclnt.dll
0x000007fef8260000 - 0x000007fef8268000 	C:\Windows\system32\rasadhlp.dll
0x000007fefbc40000 - 0x000007fefbc47000 	C:\Windows\System32\wshtcpip.dll
0x000000006d6a0000 - 0x000000006d6b7000 	C:\Program Files\Java\jdk1.6.0_22\jre\bin\net.dll
0x000007fefc550000 - 0x000007fefc557000 	C:\Windows\System32\wship6.dll
0x000000006d5e0000 - 0x000000006d5ea000 	C:\Program Files\Java\jdk1.6.0_22\jre\bin\management.dll
0x000000006d6c0000 - 0x000000006d6cb000 	C:\Program Files\Java\jdk1.6.0_22\jre\bin\nio.dll
0x000007fefc2c0000 - 0x000007fefc2d7000 	C:\Windows\system32\CRYPTSP.dll
0x000007fefbfd0000 - 0x000007fefc017000 	C:\Windows\system32\rsaenh.dll
0x000007fefbd60000 - 0x000007fefbd7e000 	C:\Windows\system32\USERENV.dll
0x000007fefca20000 - 0x000007fefca2f000 	C:\Windows\system32\profapi.dll
0x000007fefc950000 - 0x000007fefc95f000 	C:\Windows\system32\CRYPTBASE.dll

VM Arguments:
jvm_args: -agentlib:jdwp=transport=dt_socket,suspend=y,address=localhost:53770 -Drjrcontext=/ -Drjrwebapp=D:\workspaces\webAppToolkit\example.website\src\main\webapp -Drjrport=8080 -Drjrsslport=8443 -Drjrkeystore=C:\Users\EECOLOR\.keystore -Drjrkeypassword=changeit -Drjrpassword=changeit -Drjrscanintervalseconds=5 -Drjrenablescanner=true -Drjrenablessl=false -Drjrneedclientauth=false -Drjrparentloaderpriority=true -DrjrenbaleJNDI=false -Drjrclasspath=file://D:\workspaces\webAppToolkit\.metadata\.plugins\runjettyrun\example.website.classpath -DrjrResourceMapping= -Dorg.eclipse.jetty.util.log.DEBUG=true -Dfile.encoding=UTF-8 
java_command: runjettyrun.Bootstrap
Launcher Type: SUN_STANDARD

Environment Variables:
PATH=C:\Program Files\Java\jdk1.6.0_22\jre\bin;C:\Program Files (x86)\NVIDIA Corporation\PhysX\Common;C:\Windows\system32;C:\Windows;C:\Windows\System32\Wbem;C:\Windows\System32\WindowsPowerShell\v1.0\
USERNAME=EECOLOR
OS=Windows_NT
PROCESSOR_IDENTIFIER=Intel64 Family 6 Model 15 Stepping 11, GenuineIntel



---------------  S Y S T E M  ---------------

OS: Windows 7 Build 7600 

CPU:total 4 (4 cores per cpu, 1 threads per core) family 6 model 15 stepping 11, cmov, cx8, fxsr, mmx, sse, sse2, sse3, ssse3

Memory: 4k page, physical 4193400k(960848k free), swap 8384904k(2720276k free)

vm_info: Java HotSpot(TM) 64-Bit Server VM (17.1-b03) for windows-amd64 JRE (1.6.0_22-b04), built on Sep 15 2010 00:45:56 by "java_re" with MS VC++ 8.0 (VS2005)

time: Sat Jul 23 18:15:04 2011
elapsed time: 844 seconds

