#
# A fatal error has been detected by the Java Runtime Environment:
#
#  EXCEPTION_ACCESS_VIOLATION (0xc0000005) at pc=0x000000006dba6061, pid=4680, tid=1424
#
# JRE version: 6.0_22-b04
# Java VM: Java HotSpot(TM) 64-Bit Server VM (17.1-b03 mixed mode windows-amd64 )
# Problematic frame:
# V  [jvm.dll+0x316061]
#
# If you would like to submit a bug report, please visit:
#   http://java.sun.com/webapps/bugreport/crash.jsp
#

---------------  T H R E A D  ---------------

Current thread (0x000000004ba62800):  JavaThread "JDWP Transport Listener: dt_socket" daemon [_thread_in_vm, id=1424, stack(0x000000004c230000,0x000000004c330000)]

siginfo: ExceptionCode=0xc0000005, reading address 0x0000000000000000

Registers:
EAX=0x000000000aa1e120, EBX=0x0000000000000000, ECX=0x000000006ddecb10, EDX=0x00000000056c9548
ESP=0x000000004c32f3a0, EBP=0x0000000000000000, ESI=0x000000004ccd5f50, EDI=0x000000004ccd5f98
EIP=0x000000006dba6061, EFLAGS=0x0000000000010246

Top of Stack: (sp=0x000000004c32f3a0)
0x000000004c32f3a0:   000000004ccd5f68 0000000000000000
0x000000004c32f3b0:   000000004ccd5f50 000000004ccd5f98
0x000000004c32f3c0:   00000000000000ea 00000000000001ae
0x000000004c32f3d0:   000000004c32f510 0000000000000000
0x000000004c32f3e0:   00000000000000ea 000000004c32f520
0x000000004c32f3f0:   0000000000000002 000000000aa1e3aa
0x000000004c32f400:   000000004ba62800 000000006dcbbe26
0x000000004c32f410:   000000004bb4c790 000000000000000f
0x000000004c32f420:   000000004bb4c570 00000000000001af
0x000000004c32f430:   000000004bb4c820 000000000000002e
0x000000004c32f440:   000000000000005d 000000006dc45d19
0x000000004c32f450:   00000000000000ea 0000000000000018
0x000000004c32f460:   00000000000000ea 000000004ba62800
0x000000004c32f470:   000000004c32f960 000000000000000c
0x000000004c32f480:   0000000000000001 000000006dba05e3
0x000000004c32f490:   000000004ccd6020 000000006dba1b23 

Instructions: (pc=0x000000006dba6061)
0x000000006dba6051:   ff 48 8b d8 eb 04 48 89 48 10 48 89 2b 48 8b 07
0x000000006dba6061:   48 8b 0b 45 8d 44 24 ff 8b 40 34 4c 8b cb ba 01 


Stack: [0x000000004c230000,0x000000004c330000],  sp=0x000000004c32f3a0,  free space=3fc0000000000000000k
Native frames: (J=compiled Java code, j=interpreted, Vv=VM code, C=native code)
V  [jvm.dll+0x316061]

[error occurred during error reporting (printing native stack), id 0xc0000005]


---------------  P R O C E S S  ---------------

Java Threads: ( => current thread )
  0x000000004e308000 JavaThread "com.google.inject.internal.util.$Finalizer" daemon [_thread_blocked, id=4308, stack(0x0000000050a80000,0x0000000050b80000)]
  0x000000004ca93800 JavaThread "Timer-18" daemon [_thread_blocked, id=2040, stack(0x000000004e880000,0x000000004e980000)]
  0x000000004e307800 JavaThread "com.google.inject.internal.util.$Finalizer" daemon [_thread_blocked, id=316, stack(0x0000000050980000,0x0000000050a80000)]
  0x000000004e306800 JavaThread "com.google.inject.internal.util.$Finalizer" daemon [_thread_blocked, id=7568, stack(0x0000000050880000,0x0000000050980000)]
  0x000000004e306000 JavaThread "com.google.inject.internal.util.$Finalizer" daemon [_thread_blocked, id=1948, stack(0x0000000050780000,0x0000000050880000)]
  0x000000004ca9b000 JavaThread "com.google.inject.internal.util.$Finalizer" daemon [_thread_blocked, id=6452, stack(0x0000000050680000,0x0000000050780000)]
  0x000000004ca9a000 JavaThread "com.google.inject.internal.util.$Finalizer" daemon [_thread_blocked, id=7436, stack(0x0000000050580000,0x0000000050680000)]
  0x000000004ca99800 JavaThread "com.google.inject.internal.util.$Finalizer" daemon [_thread_blocked, id=1608, stack(0x0000000050480000,0x0000000050580000)]
  0x000000004ca98800 JavaThread "com.google.inject.internal.util.$Finalizer" daemon [_thread_blocked, id=2868, stack(0x0000000050380000,0x0000000050480000)]
  0x000000004ca98000 JavaThread "com.google.inject.internal.util.$Finalizer" daemon [_thread_blocked, id=7876, stack(0x0000000050280000,0x0000000050380000)]
  0x000000004ca97000 JavaThread "com.google.inject.internal.util.$Finalizer" daemon [_thread_blocked, id=4872, stack(0x0000000050180000,0x0000000050280000)]
  0x000000004ca96800 JavaThread "com.google.inject.internal.util.$Finalizer" daemon [_thread_blocked, id=5528, stack(0x000000004ff50000,0x0000000050050000)]
  0x000000004ca96000 JavaThread "com.google.inject.internal.util.$Finalizer" daemon [_thread_blocked, id=6936, stack(0x000000004ee80000,0x000000004ef80000)]
  0x000000004ca95000 JavaThread "com.google.inject.internal.util.$Finalizer" daemon [_thread_blocked, id=5700, stack(0x000000004ed80000,0x000000004ee80000)]
  0x000000004ca94800 JavaThread "com.google.inject.internal.util.$Finalizer" daemon [_thread_blocked, id=5724, stack(0x000000004ec80000,0x000000004ed80000)]
  0x000000004d7a8800 JavaThread "com.google.inject.internal.util.$Finalizer" daemon [_thread_blocked, id=6864, stack(0x0000000050080000,0x0000000050180000)]
  0x000000004d24b000 JavaThread "com.google.inject.internal.util.$Finalizer" daemon [_thread_blocked, id=476, stack(0x000000004eb80000,0x000000004ec80000)]
  0x000000004d86f000 JavaThread "com.google.inject.internal.util.$Finalizer" daemon [_thread_blocked, id=4304, stack(0x000000004ea80000,0x000000004eb80000)]
  0x000000004d17f800 JavaThread "com.google.inject.internal.util.$Finalizer" daemon [_thread_blocked, id=8124, stack(0x000000004e980000,0x000000004ea80000)]
  0x000000004cb5a800 JavaThread "593352976@qtp-1629943847-1 - Acceptor0 SelectChannelConnector@0.0.0.0:8080" [_thread_in_native, id=7856, stack(0x000000004cfb0000,0x000000004d0b0000)]
  0x000000004ca68800 JavaThread "1699608420@qtp-1629943847-0" [_thread_blocked, id=6660, stack(0x000000004ceb0000,0x000000004cfb0000)]
  0x000000004cafc800 JavaThread "Timer-0" daemon [_thread_blocked, id=7496, stack(0x000000004cdb0000,0x000000004ceb0000)]
  0x000000004ba92000 JavaThread "Low Memory Detector" daemon [_thread_blocked, id=2840, stack(0x000000004c7b0000,0x000000004c8b0000)]
  0x000000004ba82800 JavaThread "CompilerThread1" daemon [_thread_blocked, id=7140, stack(0x000000004c6b0000,0x000000004c7b0000)]
  0x000000004ba7e000 JavaThread "CompilerThread0" daemon [_thread_blocked, id=1552, stack(0x000000004c5b0000,0x000000004c6b0000)]
  0x000000004ba65800 JavaThread "JDWP Command Reader" daemon [_thread_in_native, id=1560, stack(0x000000004c4b0000,0x000000004c5b0000)]
  0x000000004ba64800 JavaThread "JDWP Event Helper Thread" daemon [_thread_blocked, id=7268, stack(0x000000004c3b0000,0x000000004c4b0000)]
=>0x000000004ba62800 JavaThread "JDWP Transport Listener: dt_socket" daemon [_thread_in_vm, id=1424, stack(0x000000004c230000,0x000000004c330000)]
  0x000000004ba52000 JavaThread "Attach Listener" daemon [_thread_blocked, id=4408, stack(0x000000004bd00000,0x000000004be00000)]
  0x000000004ba4d000 JavaThread "Signal Dispatcher" daemon [_thread_blocked, id=7960, stack(0x000000004bc00000,0x000000004bd00000)]
  0x000000000052a000 JavaThread "Finalizer" daemon [_thread_blocked, id=7592, stack(0x000000004b900000,0x000000004ba00000)]
  0x0000000000523000 JavaThread "Reference Handler" daemon [_thread_blocked, id=6204, stack(0x000000004b800000,0x000000004b900000)]
  0x000000000024d000 JavaThread "main" [_thread_blocked, id=2980, stack(0x0000000002520000,0x0000000002620000)]

Other Threads:
  0x000000000051e000 VMThread [stack: 0x000000004b700000,0x000000004b800000] [id=4996]
  0x000000004baa4000 WatcherThread [stack: 0x000000004c8b0000,0x000000004c9b0000] [id=6556]

VM state:not at safepoint (normal execution)

VM Mutex/Monitor currently owned by a thread: None

Heap
 PSYoungGen      total 8320K, used 2K [0x00000000354d0000, 0x0000000035eb0000, 0x000000004aa20000)
  eden space 6464K, 0% used [0x00000000354d0000,0x00000000354d0838,0x0000000035b20000)
  from space 1856K, 0% used [0x0000000035b20000,0x0000000035b20000,0x0000000035cf0000)
  to   space 1792K, 0% used [0x0000000035cf0000,0x0000000035cf0000,0x0000000035eb0000)
 PSOldGen        total 65024K, used 14040K [0x000000000aa20000, 0x000000000e9a0000, 0x00000000354d0000)
  object space 65024K, 21% used [0x000000000aa20000,0x000000000b7d61d8,0x000000000e9a0000)
 PSPermGen       total 86016K, used 86014K [0x0000000005620000, 0x000000000aa20000, 0x000000000aa20000)
  object space 86016K, 99% used [0x0000000005620000,0x000000000aa1f8b0,0x000000000aa20000)

Dynamic libraries:
0x0000000000400000 - 0x000000000042e000 	C:\Program Files\Java\jdk1.6.0_22\bin\javaw.exe
0x0000000077550000 - 0x00000000776fb000 	C:\Windows\SYSTEM32\ntdll.dll
0x0000000077330000 - 0x000000007744f000 	C:\Windows\system32\kernel32.dll
0x000007fefcd80000 - 0x000007fefcdeb000 	C:\Windows\system32\KERNELBASE.dll
0x000007fefecf0000 - 0x000007fefedcb000 	C:\Windows\system32\ADVAPI32.dll
0x000007fefd510000 - 0x000007fefd5af000 	C:\Windows\system32\msvcrt.dll
0x000007fefd4f0000 - 0x000007fefd50f000 	C:\Windows\SYSTEM32\sechost.dll
0x000007fefd130000 - 0x000007fefd25e000 	C:\Windows\system32\RPCRT4.dll
0x0000000077450000 - 0x000000007754a000 	C:\Windows\system32\USER32.dll
0x000007fefe720000 - 0x000007fefe787000 	C:\Windows\system32\GDI32.dll
0x000007fefea70000 - 0x000007fefea7e000 	C:\Windows\system32\LPK.dll
0x000007fefd060000 - 0x000007fefd12a000 	C:\Windows\system32\USP10.dll
0x000007fefd030000 - 0x000007fefd05e000 	C:\Windows\system32\IMM32.DLL
0x000007fefd3e0000 - 0x000007fefd4e9000 	C:\Windows\system32\MSCTF.dll
0x000000006d890000 - 0x000000006df61000 	C:\Program Files\Java\jdk1.6.0_22\jre\bin\server\jvm.dll
0x000007fefa3d0000 - 0x000007fefa40b000 	C:\Windows\system32\WINMM.dll
0x000000006d800000 - 0x000000006d80e000 	C:\Program Files\Java\jdk1.6.0_22\jre\bin\verify.dll
0x000000006d450000 - 0x000000006d477000 	C:\Program Files\Java\jdk1.6.0_22\jre\bin\java.dll
0x000000006d3b0000 - 0x000000006d3ba000 	C:\Program Files\Java\jdk1.6.0_22\jre\bin\hpi.dll
0x0000000077710000 - 0x0000000077717000 	C:\Windows\system32\PSAPI.DLL
0x000000006d4c0000 - 0x000000006d4f4000 	C:\Program Files\Java\jdk1.6.0_22\jre\bin\jdwp.dll
0x000000006d6d0000 - 0x000000006d6d8000 	C:\Program Files\Java\jdk1.6.0_22\jre\bin\npt.dll
0x000000006d850000 - 0x000000006d862000 	C:\Program Files\Java\jdk1.6.0_22\jre\bin\zip.dll
0x000000006d310000 - 0x000000006d319000 	C:\Program Files\Java\jdk1.6.0_22\jre\bin\dt_socket.dll
0x000007fefeb70000 - 0x000007fefebbd000 	C:\Windows\system32\WS2_32.dll
0x000007fefd020000 - 0x000007fefd028000 	C:\Windows\system32\NSI.dll
0x000007fefa7e0000 - 0x000007fefa7f5000 	C:\Windows\system32\NLAapi.dll
0x000007fefc260000 - 0x000007fefc2b4000 	C:\Windows\System32\mswsock.dll
0x000007fefc0f0000 - 0x000007fefc14b000 	C:\Windows\system32\DNSAPI.dll
0x000007fef7f90000 - 0x000007fef7f9b000 	C:\Windows\System32\winrnr.dll
0x000007fef7f70000 - 0x000007fef7f85000 	C:\Windows\system32\napinsp.dll
0x000007fefaa30000 - 0x000007fefaa57000 	C:\Windows\system32\IPHLPAPI.DLL
0x000007fefa9e0000 - 0x000007fefa9eb000 	C:\Windows\system32\WINNSI.DLL
0x000007fefa1f0000 - 0x000007fefa243000 	C:\Windows\System32\fwpuclnt.dll
0x000007fef8260000 - 0x000007fef8268000 	C:\Windows\system32\rasadhlp.dll
0x000007fefbc40000 - 0x000007fefbc47000 	C:\Windows\System32\wshtcpip.dll
0x000000006d6a0000 - 0x000000006d6b7000 	C:\Program Files\Java\jdk1.6.0_22\jre\bin\net.dll
0x000007fefc550000 - 0x000007fefc557000 	C:\Windows\System32\wship6.dll
0x000000006d5e0000 - 0x000000006d5ea000 	C:\Program Files\Java\jdk1.6.0_22\jre\bin\management.dll
0x000000006d6c0000 - 0x000000006d6cb000 	C:\Program Files\Java\jdk1.6.0_22\jre\bin\nio.dll
0x000007fefc2c0000 - 0x000007fefc2d7000 	C:\Windows\system32\CRYPTSP.dll
0x000007fefbfd0000 - 0x000007fefc017000 	C:\Windows\system32\rsaenh.dll
0x000007fefbd60000 - 0x000007fefbd7e000 	C:\Windows\system32\USERENV.dll
0x000007fefca20000 - 0x000007fefca2f000 	C:\Windows\system32\profapi.dll
0x000007fefc950000 - 0x000007fefc95f000 	C:\Windows\system32\CRYPTBASE.dll

VM Arguments:
jvm_args: -agentlib:jdwp=transport=dt_socket,suspend=y,address=localhost:50937 -Drjrcontext=/ -Drjrwebapp=D:\workspaces\webAppToolkit\example.website\src\main\webapp -Drjrport=8080 -Drjrsslport=8443 -Drjrkeystore=C:\Users\EECOLOR\.keystore -Drjrkeypassword=changeit -Drjrpassword=changeit -Drjrscanintervalseconds=5 -Drjrenablescanner=true -Drjrenablessl=false -Drjrneedclientauth=false -Drjrparentloaderpriority=true -DrjrenbaleJNDI=false -Drjrclasspath=file://D:\workspaces\webAppToolkit\.metadata\.plugins\runjettyrun\example.website.classpath -DrjrResourceMapping= -Dorg.eclipse.jetty.util.log.DEBUG=true -Dfile.encoding=UTF-8 
java_command: runjettyrun.Bootstrap
Launcher Type: SUN_STANDARD

Environment Variables:
PATH=C:\Program Files\Java\jdk1.6.0_22\jre\bin;C:\Program Files (x86)\NVIDIA Corporation\PhysX\Common;C:\Windows\system32;C:\Windows;C:\Windows\System32\Wbem;C:\Windows\System32\WindowsPowerShell\v1.0\
USERNAME=EECOLOR
OS=Windows_NT
PROCESSOR_IDENTIFIER=Intel64 Family 6 Model 15 Stepping 11, GenuineIntel



---------------  S Y S T E M  ---------------

OS: Windows 7 Build 7600 

CPU:total 4 (4 cores per cpu, 1 threads per core) family 6 model 15 stepping 11, cmov, cx8, fxsr, mmx, sse, sse2, sse3, ssse3

Memory: 4k page, physical 4193400k(924756k free), swap 8384904k(1951772k free)

vm_info: Java HotSpot(TM) 64-Bit Server VM (17.1-b03) for windows-amd64 JRE (1.6.0_22-b04), built on Sep 15 2010 00:45:56 by "java_re" with MS VC++ 8.0 (VS2005)

time: Wed Aug 10 21:18:23 2011
elapsed time: 3888 seconds

